http://www.themesindustry.com/html/envas/
c:\users\kophygiddie\my documents\webstripper\themesindustry\index.html
http://www.themesindustry.com/html/envas/css/owl.transitions.css
c:\users\kophygiddie\my documents\webstripper\themesindustry\css\owl.transitions.css
http://www.themesindustry.com/html/envas/css/loader.css
c:\users\kophygiddie\my documents\webstripper\themesindustry\css\loader.css
http://www.themesindustry.com/html/envas/images/favicon.png
c:\users\kophygiddie\my documents\webstripper\themesindustry\images\favicon.png
http://www.themesindustry.com/html/envas/index6.html
c:\users\kophygiddie\my documents\webstripper\themesindustry\index6.html
http://www.themesindustry.com/html/envas/css/font-awesome.min.css
c:\users\kophygiddie\my documents\webstripper\themesindustry\css\font-awesome.min.css
http://www.themesindustry.com/html/envas/coming.html
c:\users\kophygiddie\my documents\webstripper\themesindustry\coming.html
http://www.themesindustry.com/html/envas/css/owl.carousel.css
c:\users\kophygiddie\my documents\webstripper\themesindustry\css\owl.carousel.css
http://www.themesindustry.com/html/envas/news2.html
c:\users\kophygiddie\my documents\webstripper\themesindustry\news2.html
http://www.themesindustry.com/html/envas/services.html
c:\users\kophygiddie\my documents\webstripper\themesindustry\services.html
http://www.themesindustry.com/html/envas/index2.html
c:\users\kophygiddie\my documents\webstripper\themesindustry\index2.html
http://www.themesindustry.com/html/envas/css/bootstrap.min.css
c:\users\kophygiddie\my documents\webstripper\themesindustry\css\bootstrap.min.css
http://www.themesindustry.com/html/envas/css/animate.min.css
c:\users\kophygiddie\my documents\webstripper\themesindustry\css\animate.min.css
http://www.themesindustry.com/html/envas/index8.html
c:\users\kophygiddie\my documents\webstripper\themesindustry\index8.html
http://www.themesindustry.com/html/envas/css/envas-icons.css
c:\users\kophygiddie\my documents\webstripper\themesindustry\css\envas-icons.css
http://www.themesindustry.com/html/envas/index5.html
c:\users\kophygiddie\my documents\webstripper\themesindustry\index5.html
http://www.themesindustry.com/html/envas/index3.html
c:\users\kophygiddie\my documents\webstripper\themesindustry\index3.html
http://www.themesindustry.com/html/envas/contact.html
c:\users\kophygiddie\my documents\webstripper\themesindustry\contact.html
http://maps.google.com/maps/api/js?key=AIzaSyAOBKD6V47-g_3opmidcmFapb3kSNAR70U
c:\users\kophygiddie\my documents\webstripper\themesindustry\maps.google.com\maps\api\js.121.html
http://www.themesindustry.com/html/envas/project_detail.html
c:\users\kophygiddie\my documents\webstripper\themesindustry\project_detail.html
http://www.themesindustry.com/html/envas/fonts/fontawesome-webfont.eot?
c:\users\kophygiddie\my documents\webstripper\themesindustry\fonts\fontawesome-webfont.eot.99.html
http://www.themesindustry.com/html/envas/images/logo.png
c:\users\kophygiddie\my documents\webstripper\themesindustry\images\logo.png
http://www.themesindustry.com/html/envas/404.html
c:\users\kophygiddie\my documents\webstripper\themesindustry\404.html
http://www.themesindustry.com/html/envas/contact2.html
c:\users\kophygiddie\my documents\webstripper\themesindustry\contact2.html
http://www.themesindustry.com/html/envas/fonts/glyphicons-halflings-regular.eot?
c:\users\kophygiddie\my documents\webstripper\themesindustry\fonts\glyphicons-halflings-regular.eot.129.html
http://www.themesindustry.com/html/envas/css/bootsnav.css
c:\users\kophygiddie\my documents\webstripper\themesindustry\css\bootsnav.css
http://www.themesindustry.com/html/envas/project.html
c:\users\kophygiddie\my documents\webstripper\themesindustry\project.html
http://www.themesindustry.com/html/envas/faq.html
c:\users\kophygiddie\my documents\webstripper\themesindustry\faq.html
http://www.themesindustry.com/html/envas/images/grid4.jpg
c:\users\kophygiddie\my documents\webstripper\themesindustry\images\grid4.jpg
http://www.themesindustry.com/html/envas/news_detail.html
c:\users\kophygiddie\my documents\webstripper\themesindustry\news_detail.html
http://www.themesindustry.com/html/envas/about.html
c:\users\kophygiddie\my documents\webstripper\themesindustry\about.html
http://www.themesindustry.com/html/envas/images/testnimial3.png
c:\users\kophygiddie\my documents\webstripper\themesindustry\images\testnimial3.png
http://www.themesindustry.com/html/envas/css/settings.css
c:\users\kophygiddie\my documents\webstripper\themesindustry\css\settings.css
http://www.themesindustry.com/html/envas/images/testnimial2.png
c:\users\kophygiddie\my documents\webstripper\themesindustry\images\testnimial2.png
http://www.themesindustry.com/html/envas/fonts/fontawesome-webfont.woff?v=4.5.0
c:\users\kophygiddie\my documents\webstripper\themesindustry\fonts\fontawesome-webfont.woff.101.html
http://www.themesindustry.com/html/envas/images/grid5.jpg
c:\users\kophygiddie\my documents\webstripper\themesindustry\images\grid5.jpg
http://www.themesindustry.com/html/envas/images/testnimial5.png
c:\users\kophygiddie\my documents\webstripper\themesindustry\images\testnimial5.png
http://www.themesindustry.com/html/envas/images/testnimial1.png
c:\users\kophygiddie\my documents\webstripper\themesindustry\images\testnimial1.png
http://www.themesindustry.com/html/envas/fonts/fontawesome-webfont.svg?v=4.5.0
c:\users\kophygiddie\my documents\webstripper\themesindustry\fonts\fontawesome-webfont.svg.103.html
http://www.themesindustry.com/html/envas/images/grid2.jpg
c:\users\kophygiddie\my documents\webstripper\themesindustry\images\grid2.jpg
http://www.themesindustry.com/html/envas/testinomial.html
c:\users\kophygiddie\my documents\webstripper\themesindustry\testinomial.html
http://www.themesindustry.com/html/envas/images/testnimial6.png
c:\users\kophygiddie\my documents\webstripper\themesindustry\images\testnimial6.png
http://www.themesindustry.com/html/envas/images/team2.jpg
c:\users\kophygiddie\my documents\webstripper\themesindustry\images\team2.jpg
http://www.themesindustry.com/html/envas/team2.html
c:\users\kophygiddie\my documents\webstripper\themesindustry\team2.html
http://www.themesindustry.com/html/envas/index.html
c:\users\kophygiddie\my documents\webstripper\themesindustry\index.17.html
http://www.themesindustry.com/html/envas/fonts/fontawesome-webfont.woff2?v=4.5.0
c:\users\kophygiddie\my documents\webstripper\themesindustry\fonts\fontawesome-webfont.woff2.100.html
http://www.themesindustry.com/html/envas/images/logo4.png
c:\users\kophygiddie\my documents\webstripper\themesindustry\images\logo4.png
http://www.themesindustry.com/html/envas/fonts/fontawesome-webfont.eot?v=4.5.0
c:\users\kophygiddie\my documents\webstripper\themesindustry\fonts\fontawesome-webfont.eot.98.html
http://www.themesindustry.com/html/envas/images/logo-white.png
c:\users\kophygiddie\my documents\webstripper\themesindustry\images\logo-white.png
http://www.themesindustry.com/html/envas/news.html
c:\users\kophygiddie\my documents\webstripper\themesindustry\news.html
http://www.themesindustry.com/html/envas/team.html
c:\users\kophygiddie\my documents\webstripper\themesindustry\team.html
http://www.themesindustry.com/html/envas/index9.html
c:\users\kophygiddie\my documents\webstripper\themesindustry\index9.html
http://www.themesindustry.com/html/envas/images/footer-post1.jpg
c:\users\kophygiddie\my documents\webstripper\themesindustry\images\footer-post1.jpg
http://www.themesindustry.com/html/envas/images/logo1.png
c:\users\kophygiddie\my documents\webstripper\themesindustry\images\logo1.png
http://www.themesindustry.com/html/envas/js/jquery.parallax-1.1.3.js
c:\users\kophygiddie\my documents\webstripper\themesindustry\js\jquery.parallax-1.1.3.js
http://www.themesindustry.com/html/envas/images/news1.jpg
c:\users\kophygiddie\my documents\webstripper\themesindustry\images\news1.jpg
http://www.themesindustry.com/html/envas/images/logo2.png
c:\users\kophygiddie\my documents\webstripper\themesindustry\images\logo2.png
http://www.themesindustry.com/html/envas/js/jquery.appear.js
c:\users\kophygiddie\my documents\webstripper\themesindustry\js\jquery.appear.js
http://www.themesindustry.com/html/envas/js/jquery-countTo.js
c:\users\kophygiddie\my documents\webstripper\themesindustry\js\jquery-countTo.js
http://www.themesindustry.com/html/envas/js/bootsnav.js
c:\users\kophygiddie\my documents\webstripper\themesindustry\js\bootsnav.js
http://www.themesindustry.com/html/envas/images/logo5.png
c:\users\kophygiddie\my documents\webstripper\themesindustry\images\logo5.png
http://www.themesindustry.com/html/envas/css/cubeportfolio.min.css
c:\users\kophygiddie\my documents\webstripper\themesindustry\css\cubeportfolio.min.css
http://www.themesindustry.com/html/envas/images/testnimial4.png
c:\users\kophygiddie\my documents\webstripper\themesindustry\images\testnimial4.png
http://www.themesindustry.com/html/envas/images/grid1.jpg
c:\users\kophygiddie\my documents\webstripper\themesindustry\images\grid1.jpg
http://www.themesindustry.com/html/envas/js/functions.js
c:\users\kophygiddie\my documents\webstripper\themesindustry\js\functions.js
http://www.themesindustry.com/html/envas/images/logo-home6.png
c:\users\kophygiddie\my documents\webstripper\themesindustry\images\logo-home6.png
http://www.themesindustry.com/html/envas/images/footer-post2.jpg
c:\users\kophygiddie\my documents\webstripper\themesindustry\images\footer-post2.jpg
http://www.themesindustry.com/html/envas/images/logo3.png
c:\users\kophygiddie\my documents\webstripper\themesindustry\images\logo3.png
http://www.themesindustry.com/html/envas/js/owl.carousel.min.js
c:\users\kophygiddie\my documents\webstripper\themesindustry\js\owl.carousel.min.js
http://www.themesindustry.com/html/envas/js/revolution.extension.slideanims.min.js
c:\users\kophygiddie\my documents\webstripper\themesindustry\js\revolution.extension.slideanims.min.js
http://www.themesindustry.com/html/envas/services_detail.html
c:\users\kophygiddie\my documents\webstripper\themesindustry\services_detail.html
http://www.themesindustry.com/html/envas/index4.html
c:\users\kophygiddie\my documents\webstripper\themesindustry\index4.html
http://oss.maxcdn.com/html5shiv/3.7.2/html5shiv.min.js
c:\users\kophygiddie\my documents\webstripper\themesindustry\oss.maxcdn.com\html5shiv\3.7.2\html5shiv.min.js
http://oss.maxcdn.com/respond/1.4.2/respond.min.js
c:\users\kophygiddie\my documents\webstripper\themesindustry\oss.maxcdn.com\respond\1.4.2\respond.min.js
http://www.themesindustry.com/html/envas/images/grid2-white.jpg
c:\users\kophygiddie\my documents\webstripper\themesindustry\images\grid2-white.jpg
http://www.themesindustry.com/html/envas/js/revolution.extension.parallax.min.js
c:\users\kophygiddie\my documents\webstripper\themesindustry\js\revolution.extension.parallax.min.js
http://www.themesindustry.com/html/envas/js/revolution.extension.layeranimation.min.js
c:\users\kophygiddie\my documents\webstripper\themesindustry\js\revolution.extension.layeranimation.min.js
http://www.themesindustry.com/html/envas/images/grid5-white.jpg
c:\users\kophygiddie\my documents\webstripper\themesindustry\images\grid5-white.jpg
http://www.themesindustry.com/html/envas/js/bootstrap.min.js
c:\users\kophygiddie\my documents\webstripper\themesindustry\js\bootstrap.min.js
http://www.themesindustry.com/html/envas/images/news2.jpg
c:\users\kophygiddie\my documents\webstripper\themesindustry\images\news2.jpg
http://www.themesindustry.com/html/envas/css/style.css
c:\users\kophygiddie\my documents\webstripper\themesindustry\css\style.css
http://www.themesindustry.com/html/envas/js/jquery.cubeportfolio.min.js
c:\users\kophygiddie\my documents\webstripper\themesindustry\js\jquery.cubeportfolio.min.js
http://www.themesindustry.com/html/envas/css/red.css
c:\users\kophygiddie\my documents\webstripper\themesindustry\css\red.css
http://www.themesindustry.com/html/envas/js/jquery-2.2.3.js
c:\users\kophygiddie\my documents\webstripper\themesindustry\js\jquery-2.2.3.js
http://www.themesindustry.com/html/envas/images/news3.jpg
c:\users\kophygiddie\my documents\webstripper\themesindustry\images\news3.jpg
http://www.themesindustry.com/html/envas/js/revolution.extension.video.min.js
c:\users\kophygiddie\my documents\webstripper\themesindustry\js\revolution.extension.video.min.js
http://fonts.googleapis.com/css?family=Open+Sans:40,300itali,30,400itali,60,600itali,70,700itali,80,800italic
c:\users\kophygiddie\my documents\webstripper\themesindustry\fonts.googleapis.com\css.264.html
http://fonts.googleapis.com/css?family=Raleway:40,80,700itali,70,800itali,90,900itali,600itali,60,500itali,50,400itali,300itali,30,200itali,20,100itali,100
c:\users\kophygiddie\my documents\webstripper\themesindustry\fonts.googleapis.com\css.263.html
http://www.themesindustry.com/html/envas/images/team3.jpg
c:\users\kophygiddie\my documents\webstripper\themesindustry\images\team3.jpg
http://www.themesindustry.com/html/envas/js/jquery.themepunch.tools.min.js
c:\users\kophygiddie\my documents\webstripper\themesindustry\js\jquery.themepunch.tools.min.js
http://www.themesindustry.com/html/envas/index7.html
c:\users\kophygiddie\my documents\webstripper\themesindustry\index7.html
http://www.themesindustry.com/html/envas/fonts/fontawesome-webfont.ttf?v=4.5.0
c:\users\kophygiddie\my documents\webstripper\themesindustry\fonts\fontawesome-webfont.ttf.102.html
http://www.themesindustry.com/html/envas/images/grid4-white.jpg
c:\users\kophygiddie\my documents\webstripper\themesindustry\images\grid4-white.jpg
http://www.themesindustry.com/html/envas/images/home6-banner1.jpg
c:\users\kophygiddie\my documents\webstripper\themesindustry\images\home6-banner1.jpg
http://www.themesindustry.com/html/envas/js/jquery.themepunch.revolution.min.js
c:\users\kophygiddie\my documents\webstripper\themesindustry\js\jquery.themepunch.revolution.min.js
http://www.themesindustry.com/html/envas/images/blog-full1.jpg
c:\users\kophygiddie\my documents\webstripper\themesindustry\images\blog-full1.jpg
http://www.themesindustry.com/html/envas/images/team1.jpg
c:\users\kophygiddie\my documents\webstripper\themesindustry\images\team1.jpg
http://www.themesindustry.com/html/envas/js/revolution.extension.navigation.min.js
c:\users\kophygiddie\my documents\webstripper\themesindustry\js\revolution.extension.navigation.min.js
http://www.themesindustry.com/html/envas/images/blog-full2.jpg
c:\users\kophygiddie\my documents\webstripper\themesindustry\images\blog-full2.jpg
http://www.themesindustry.com/html/envas/images/favicon2.png
c:\users\kophygiddie\my documents\webstripper\themesindustry\images\favicon2.png
http://www.themesindustry.com/html/envas/images/logo-home2.png
c:\users\kophygiddie\my documents\webstripper\themesindustry\images\logo-home2.png
http://www.themesindustry.com/html/envas/images/service6.jpg
c:\users\kophygiddie\my documents\webstripper\themesindustry\images\service6.jpg
http://www.themesindustry.com/html/envas/js/viedobox_video.js
c:\users\kophygiddie\my documents\webstripper\themesindustry\js\viedobox_video.js
http://www.themesindustry.com/html/envas/images/blog-full3.jpg
c:\users\kophygiddie\my documents\webstripper\themesindustry\images\blog-full3.jpg
http://www.themesindustry.com/html/envas/images/grid1-white.jpg
c:\users\kophygiddie\my documents\webstripper\themesindustry\images\grid1-white.jpg
http://www.themesindustry.com/html/envas/images/service3.jpg
c:\users\kophygiddie\my documents\webstripper\themesindustry\images\service3.jpg
http://www.themesindustry.com/html/envas/images/blog-full6.jpg
c:\users\kophygiddie\my documents\webstripper\themesindustry\images\blog-full6.jpg
http://www.themesindustry.com/html/envas/js/gmaps.min.js
c:\users\kophygiddie\my documents\webstripper\themesindustry\js\gmaps.min.js
http://www.themesindustry.com/html/envas/images/service2.jpg
c:\users\kophygiddie\my documents\webstripper\themesindustry\images\service2.jpg
http://www.themesindustry.com/html/envas/images/blog-full5.jpg
c:\users\kophygiddie\my documents\webstripper\themesindustry\images\blog-full5.jpg
http://www.themesindustry.com/html/envas/images/service1.jpg
c:\users\kophygiddie\my documents\webstripper\themesindustry\images\service1.jpg
http://www.themesindustry.com/html/envas/images/blog-full4.jpg
c:\users\kophygiddie\my documents\webstripper\themesindustry\images\blog-full4.jpg
http://www.themesindustry.com/html/envas/images/grid3.jpg
c:\users\kophygiddie\my documents\webstripper\themesindustry\images\grid3.jpg
http://www.themesindustry.com/html/envas/images/grid3-white.jpg
c:\users\kophygiddie\my documents\webstripper\themesindustry\images\grid3-white.jpg
http://www.themesindustry.com/html/envas/images/logo-footer2.png
c:\users\kophygiddie\my documents\webstripper\themesindustry\images\logo-footer2.png
http://www.themesindustry.com/html/envas/images/home3-logo.png
c:\users\kophygiddie\my documents\webstripper\themesindustry\images\home3-logo.png
http://www.themesindustry.com/html/envas/fonts/glyphicons-halflings-regular.woff2
c:\users\kophygiddie\my documents\webstripper\themesindustry\fonts\glyphicons-halflings-regular.woff2
http://www.themesindustry.com/html/envas/images/logo-home5.png
c:\users\kophygiddie\my documents\webstripper\themesindustry\images\logo-home5.png
http://www.themesindustry.com/html/envas/fonts/glyphicons-halflings-regular.woff
c:\users\kophygiddie\my documents\webstripper\themesindustry\fonts\glyphicons-halflings-regular.woff
http://www.themesindustry.com/html/envas/js/map.js
c:\users\kophygiddie\my documents\webstripper\themesindustry\js\map.js
http://www.themesindustry.com/html/envas/images/prev.jpg
c:\users\kophygiddie\my documents\webstripper\themesindustry\images\prev.jpg
http://www.themesindustry.com/html/envas/fonts/glyphicons-halflings-regular.ttf
c:\users\kophygiddie\my documents\webstripper\themesindustry\fonts\glyphicons-halflings-regular.ttf
http://www.themesindustry.com/html/envas/images/next.jpg
c:\users\kophygiddie\my documents\webstripper\themesindustry\images\next.jpg
http://www.themesindustry.com/html/envas/images/404.png
c:\users\kophygiddie\my documents\webstripper\themesindustry\images\404.png
http://www.themesindustry.com/html/envas/images/team4.jpg
c:\users\kophygiddie\my documents\webstripper\themesindustry\images\team4.jpg
http://www.themesindustry.com/html/envas/images/box1.jpg
c:\users\kophygiddie\my documents\webstripper\themesindustry\images\box1.jpg
http://www.themesindustry.com/html/envas/images/commenter1.jpg
c:\users\kophygiddie\my documents\webstripper\themesindustry\images\commenter1.jpg
http://www.themesindustry.com/html/envas/images/good-plans.jpg
c:\users\kophygiddie\my documents\webstripper\themesindustry\images\good-plans.jpg
http://www.themesindustry.com/html/envas/images/service5.jpg
c:\users\kophygiddie\my documents\webstripper\themesindustry\images\service5.jpg
http://www.themesindustry.com/html/envas/fonts/glyphicons-halflings-regular.eot
c:\users\kophygiddie\my documents\webstripper\themesindustry\fonts\glyphicons-halflings-regular.eot
http://www.themesindustry.com/html/envas/images/post1.jpg
c:\users\kophygiddie\my documents\webstripper\themesindustry\images\post1.jpg
http://www.themesindustry.com/html/envas/images/post2.jpg
c:\users\kophygiddie\my documents\webstripper\themesindustry\images\post2.jpg
http://www.themesindustry.com/html/envas/images/post3.jpg
c:\users\kophygiddie\my documents\webstripper\themesindustry\images\post3.jpg
http://www.themesindustry.com/html/envas/images/plan2.png
c:\users\kophygiddie\my documents\webstripper\themesindustry\images\plan2.png
http://www.themesindustry.com/html/envas/images/commenter3.jpg
c:\users\kophygiddie\my documents\webstripper\themesindustry\images\commenter3.jpg
http://www.themesindustry.com/html/envas/images/project3.jpg
c:\users\kophygiddie\my documents\webstripper\themesindustry\images\project3.jpg
http://www.themesindustry.com/html/envas/images/project7.jpg
c:\users\kophygiddie\my documents\webstripper\themesindustry\images\project7.jpg
http://www.themesindustry.com/html/envas/images/project-detail1.jpg
c:\users\kophygiddie\my documents\webstripper\themesindustry\images\project-detail1.jpg
http://www.themesindustry.com/html/envas/images/project5.jpg
c:\users\kophygiddie\my documents\webstripper\themesindustry\images\project5.jpg
http://www.themesindustry.com/html/envas/images/project6.jpg
c:\users\kophygiddie\my documents\webstripper\themesindustry\images\project6.jpg
http://www.themesindustry.com/html/envas/images/quote.png
c:\users\kophygiddie\my documents\webstripper\themesindustry\images\quote.png
http://www.themesindustry.com/html/envas/images/project8.jpg
c:\users\kophygiddie\my documents\webstripper\themesindustry\images\project8.jpg
http://www.themesindustry.com/html/envas/images/project1.jpg
c:\users\kophygiddie\my documents\webstripper\themesindustry\images\project1.jpg
http://www.themesindustry.com/html/envas/fonts/glyphicons-halflings-regular.svg
c:\users\kophygiddie\my documents\webstripper\themesindustry\fonts\glyphicons-halflings-regular.svg
http://www.themesindustry.com/html/envas/images/project-detail4.jpg
c:\users\kophygiddie\my documents\webstripper\themesindustry\images\project-detail4.jpg
http://www.themesindustry.com/html/envas/fonts/envas-icons.ttf?z74vbr
c:\users\kophygiddie\my documents\webstripper\themesindustry\fonts\envas-icons.ttf.141.html
http://www.themesindustry.com/html/envas/images/project2.jpg
c:\users\kophygiddie\my documents\webstripper\themesindustry\images\project2.jpg
http://www.themesindustry.com/html/envas/images/project4.jpg
c:\users\kophygiddie\my documents\webstripper\themesindustry\images\project4.jpg
http://www.themesindustry.com/html/envas/images/blog2.jpg
c:\users\kophygiddie\my documents\webstripper\themesindustry\images\blog2.jpg
http://www.themesindustry.com/html/envas/images/blog4.jpg
c:\users\kophygiddie\my documents\webstripper\themesindustry\images\blog4.jpg
http://www.themesindustry.com/html/envas/images/about.jpg
c:\users\kophygiddie\my documents\webstripper\themesindustry\images\about.jpg
http://www.themesindustry.com/html/envas/images/project-detail3.jpg
c:\users\kophygiddie\my documents\webstripper\themesindustry\images\project-detail3.jpg
http://www.themesindustry.com/html/envas/images/home5-banner1.jpg
c:\users\kophygiddie\my documents\webstripper\themesindustry\images\home5-banner1.jpg
http://www.themesindustry.com/html/envas/images/home8-banner1.jpg
c:\users\kophygiddie\my documents\webstripper\themesindustry\images\home8-banner1.jpg
http://www.themesindustry.com/html/envas/images/home1-banner2.jpg
c:\users\kophygiddie\my documents\webstripper\themesindustry\images\home1-banner2.jpg
http://www.themesindustry.com/html/envas/images/home5-banner2.png
c:\users\kophygiddie\my documents\webstripper\themesindustry\images\home5-banner2.png
http://www.themesindustry.com/html/envas/images/home3-banner3.jpg
c:\users\kophygiddie\my documents\webstripper\themesindustry\images\home3-banner3.jpg
http://www.themesindustry.com/html/envas/images/bg-contact.jpg
c:\users\kophygiddie\my documents\webstripper\themesindustry\images\bg-contact.jpg
http://www.themesindustry.com/html/envas/images/cbp-sprite.png
c:\users\kophygiddie\my documents\webstripper\themesindustry\images\cbp-sprite.png
http://www.youtube.com/iframe_api
c:\users\kophygiddie\my documents\webstripper\themesindustry\www.youtube.com\iframe_api
http://www.themesindustry.com/html/envas/images/service-detail.jpg
c:\users\kophygiddie\my documents\webstripper\themesindustry\images\service-detail.jpg
http://www.themesindustry.com/html/envas/images/page-header.jpg
c:\users\kophygiddie\my documents\webstripper\themesindustry\images\page-header.jpg
http://www.themesindustry.com/html/envas/images/blog1.jpg
c:\users\kophygiddie\my documents\webstripper\themesindustry\images\blog1.jpg
http://www.themesindustry.com/html/envas/images/bg-contact2.jpg
c:\users\kophygiddie\my documents\webstripper\themesindustry\images\bg-contact2.jpg
http://www.themesindustry.com/html/envas/video/thumb.jpg
c:\users\kophygiddie\my documents\webstripper\themesindustry\video\thumb.jpg
http://www.themesindustry.com/html/envas/images/service4.jpg
c:\users\kophygiddie\my documents\webstripper\themesindustry\images\service4.jpg
http://www.themesindustry.com/html/envas/images/video-img.jpg
c:\users\kophygiddie\my documents\webstripper\themesindustry\images\video-img.jpg
http://www.themesindustry.com/html/envas/images/parallax-news.jpg
c:\users\kophygiddie\my documents\webstripper\themesindustry\images\parallax-news.jpg
http://www.themesindustry.com/html/envas/images/blog3.jpg
c:\users\kophygiddie\my documents\webstripper\themesindustry\images\blog3.jpg
http://www.themesindustry.com/html/envas/images/wedo.jpg
c:\users\kophygiddie\my documents\webstripper\themesindustry\images\wedo.jpg
http://www.themesindustry.com/html/envas/images/blog-detail.jpg
c:\users\kophygiddie\my documents\webstripper\themesindustry\images\blog-detail.jpg
http://www.themesindustry.com/html/envas/images/home6-banner2.jpg
c:\users\kophygiddie\my documents\webstripper\themesindustry\images\home6-banner2.jpg
http://www.themesindustry.com/html/envas/images/home7-banner.png
c:\users\kophygiddie\my documents\webstripper\themesindustry\images\home7-banner.png
http://www.themesindustry.com/html/envas/images/home4-banner2.jpg
c:\users\kophygiddie\my documents\webstripper\themesindustry\images\home4-banner2.jpg
http://www.themesindustry.com/html/envas/fonts/envas-icons.eot?
c:\users\kophygiddie\my documents\webstripper\themesindustry\fonts\envas-icons.eot.140.html
http://www.themesindustry.com/html/envas/images/home2-banner1.jpg
c:\users\kophygiddie\my documents\webstripper\themesindustry\images\home2-banner1.jpg
http://www.themesindustry.com/html/envas/images/quality.jpg
c:\users\kophygiddie\my documents\webstripper\themesindustry\images\quality.jpg
http://www.themesindustry.com/html/envas/images/video.jpg
c:\users\kophygiddie\my documents\webstripper\themesindustry\images\video.jpg
http://www.themesindustry.com/html/envas/fonts/envas-icons.woff?z74vbr
c:\users\kophygiddie\my documents\webstripper\themesindustry\fonts\envas-icons.woff.142.html
http://www.themesindustry.com/html/envas/images/home8-banner2.jpg
c:\users\kophygiddie\my documents\webstripper\themesindustry\images\home8-banner2.jpg
http://www.themesindustry.com/html/envas/images/home3-banner2.jpg
c:\users\kophygiddie\my documents\webstripper\themesindustry\images\home3-banner2.jpg
http://www.themesindustry.com/html/envas/fonts/envas-icons.eot?z74vbr
c:\users\kophygiddie\my documents\webstripper\themesindustry\fonts\envas-icons.eot.139.html
http://www.themesindustry.com/html/envas/images/parallax-one.jpg
c:\users\kophygiddie\my documents\webstripper\themesindustry\images\parallax-one.jpg
http://www.themesindustry.com/html/envas/images/home1-banner1.jpg
c:\users\kophygiddie\my documents\webstripper\themesindustry\images\home1-banner1.jpg
http://www.themesindustry.com/html/envas/images/parallax-bg-slider.jpg
c:\users\kophygiddie\my documents\webstripper\themesindustry\images\parallax-bg-slider.jpg
http://www.themesindustry.com/html/envas/images/home4-banner1.jpg
c:\users\kophygiddie\my documents\webstripper\themesindustry\images\home4-banner1.jpg
http://www.themesindustry.com/html/envas/fonts/envas-icons.svg?z74vbr
c:\users\kophygiddie\my documents\webstripper\themesindustry\fonts\envas-icons.svg.143.html
